<?xml version="1.0" encoding="UTF-8"?>
<!-- Generated by org.testng.reporters.JUnitXMLReporter -->
<testsuite hostname="pc-PC" ignored="0" name="test1" tests="28" failures="0" timestamp="23 十一月 2018 14:03:11 GMT" time="30.726" errors="0">
  <testcase name="f" time="5.405" classname="com.testing.allureTest.dataDriven"/>
  <testcase name="f" time="2.059" classname="com.testing.allureTest.dataDriven"/>
  <testcase name="f" time="0.338" classname="com.testing.allureTest.dataDriven"/>
  <testcase name="f" time="0.238" classname="com.testing.allureTest.dataDriven"/>
  <testcase name="f" time="0.199" classname="com.testing.allureTest.dataDriven"/>
  <testcase name="f" time="0.897" classname="com.testing.allureTest.dataDriven"/>
  <testcase name="f" time="1.139" classname="com.testing.allureTest.dataDriven"/>
  <testcase name="f" time="0.088" classname="com.testing.allureTest.dataDriven"/>
  <testcase name="f" time="4.951" classname="com.testing.allureTest.dataDriven"/>
  <testcase name="f" time="0.247" classname="com.testing.allureTest.dataDriven"/>
  <testcase name="f" time="0.183" classname="com.testing.allureTest.dataDriven"/>
  <testcase name="f" time="1.003" classname="com.testing.allureTest.dataDriven"/>
  <testcase name="f" time="0.157" classname="com.testing.allureTest.dataDriven"/>
  <testcase name="f" time="1.003" classname="com.testing.allureTest.dataDriven"/>
  <testcase name="f" time="0.147" classname="com.testing.allureTest.dataDriven"/>
  <testcase name="f" time="0.184" classname="com.testing.allureTest.dataDriven"/>
  <testcase name="f" time="0.211" classname="com.testing.allureTest.dataDriven"/>
  <testcase name="f" time="0.224" classname="com.testing.allureTest.dataDriven"/>
  <testcase name="f" time="0.474" classname="com.testing.allureTest.dataDriven"/>
  <testcase name="f" time="0.585" classname="com.testing.allureTest.dataDriven"/>
  <testcase name="f" time="3.349" classname="com.testing.allureTest.dataDriven"/>
  <testcase name="f" time="3.79" classname="com.testing.allureTest.dataDriven"/>
  <testcase name="f" time="0.615" classname="com.testing.allureTest.dataDriven"/>
  <testcase name="f" time="0.198" classname="com.testing.allureTest.dataDriven"/>
  <testcase name="f" time="0.686" classname="com.testing.allureTest.dataDriven"/>
  <testcase name="f" time="1.272" classname="com.testing.allureTest.dataDriven"/>
  <testcase name="f" time="0.147" classname="com.testing.allureTest.dataDriven"/>
  <testcase name="f" time="0.592" classname="com.testing.allureTest.dataDriven"/>
</testsuite> <!-- test1 -->
